\BOOKMARK [1][-]{section.1}{Einleitung}{}% 1
\BOOKMARK [1][-]{section.2}{Quantenfeldtheorie und Standardmodell}{}% 2
\BOOKMARK [2][-]{subsection.2.1}{Das Standardmodell der Teilchenphysik}{section.2}% 3
\BOOKMARK [2][-]{subsection.2.2}{Effektive Quantenwirkung und Gell-Mann-Low Gleichung}{section.2}% 4
\BOOKMARK [1][-]{section.3}{QCD \040dark QCD}{}% 5
\BOOKMARK [2][-]{subsection.3.1}{Die Standardmodell QCD}{section.3}% 6
\BOOKMARK [2][-]{subsection.3.2}{Dark QCD}{section.3}% 7
\BOOKMARK [1][-]{section.4}{Untersuchung einer -Funktion}{}% 8
\BOOKMARK [2][-]{subsection.4.1}{Vereinfachung des mathematischen Problems}{section.4}% 9
\BOOKMARK [2][-]{subsection.4.2}{Verhalten in einer Umgebung eines Fixpunktes}{section.4}% 10
\BOOKMARK [2][-]{subsection.4.3}{Sonderfall: nicht hyperbolische Fixpunkte}{section.4}% 11
\BOOKMARK [2][-]{subsection.4.4}{Experimentelle Daten und kritische Hyperfl\344che}{section.4}% 12
\BOOKMARK [2][-]{subsection.4.5}{Laufende Kopplungen im Standardmodell}{section.4}% 13
\BOOKMARK [3][-]{subsubsection.4.5.1}{QED}{subsection.4.5}% 14
\BOOKMARK [3][-]{subsubsection.4.5.2}{QCD}{subsection.4.5}% 15
\BOOKMARK [1][-]{section.5}{-Funktion im R2}{}% 16
\BOOKMARK [2][-]{subsection.5.1}{Stabilit\344tsbedingungen}{section.5}% 17
\BOOKMARK [2][-]{subsection.5.2}{Fixpunktextrapolation}{section.5}% 18
\BOOKMARK [1][-]{section.6}{UV-Fixpunkte der SUQCDSUdQCD}{}% 19
\BOOKMARK [1][-]{section*.3}{Literatur}{}% 20
